08.11.2016 22:48:43: Kevin has logged in from 127.0.0.1.
08.11.2016 22:58:13: Kevin has logged in from 127.0.0.1.
08.11.2016 23:08:10: Kevin has logged in from 127.0.0.1.
08.11.2016 23:08:20: Character asdasd added to Kevin's account.
08.11.2016 23:08:20: Kevin/asdasd has began playing Crystalshire.
08.11.2016 23:09:10: Kevin has logged in from 127.0.0.1.
08.11.2016 23:12:15: Kevin has logged in from 127.0.0.1.
08.11.2016 23:13:42: Kevin has logged in from 127.0.0.1.
08.11.2016 23:24:55: Kevin has logged in from 127.0.0.1.
08.11.2016 23:25:04: Character fasdas added to Kevin's account.
08.11.2016 23:25:04: Kevin/fasdas has began playing Crystalshire.
08.11.2016 23:25:31: Kevin has logged in from 127.0.0.1.
08.11.2016 23:25:43: Character bcxvxxvc added to Kevin's account.
08.11.2016 23:25:43: Kevin/bcxvxxvc has began playing Crystalshire.
08.11.2016 23:26:44: Kevin has logged in from 127.0.0.1.
08.11.2016 23:26:52: Kevin has logged in from 127.0.0.1.
08.11.2016 23:27:05: Character fdsasd added to Kevin's account.
08.11.2016 23:27:06: Kevin/fdsasd has began playing Crystalshire.
08.11.2016 23:27:23: Kevin has logged in from 127.0.0.1.
08.11.2016 23:27:33: Kevin has logged in from 127.0.0.1.
08.11.2016 23:27:47: Character asdasd added to Kevin's account.
08.11.2016 23:27:47: Kevin/asdasd has began playing Crystalshire.
08.11.2016 23:28:53: Kevin has logged in from 127.0.0.1.
08.11.2016 23:36:29: Kevin has logged in from 127.0.0.1.
08.11.2016 23:36:53: Character aadsa added to Kevin's account.
08.11.2016 23:36:53: Kevin/aadsa has began playing Crystalshire.
08.11.2016 23:39:52: Kevin has logged in from 127.0.0.1.
08.11.2016 23:40:03: Character hkhjk added to Kevin's account.
08.11.2016 23:40:03: Kevin/hkhjk has began playing Crystalshire.
08.11.2016 23:45:27: Kevin has logged in from 127.0.0.1.
08.11.2016 23:45:38: Kevin has logged in from 127.0.0.1.
08.11.2016 23:45:56: Character vxcv added to Kevin's account.
08.11.2016 23:45:56: Kevin/vxcv has began playing Crystalshire.
08.11.2016 23:50:24: Kevin has logged in from 127.0.0.1.
08.11.2016 23:50:34: Character vxcvxcv added to Kevin's account.
08.11.2016 23:50:34: Kevin/vxcvxcv has began playing Crystalshire.
08.11.2016 23:50:44: Kevin has logged in from 127.0.0.1.
08.11.2016 23:50:55: Character fsdfsdf added to Kevin's account.
08.11.2016 23:50:55: Kevin/fsdfsdf has began playing Crystalshire.
08.11.2016 23:55:11: Kevin has logged in from 127.0.0.1.
08.11.2016 23:55:21: Kevin has logged in from 127.0.0.1.
08.11.2016 23:55:43: Character tzertet added to Kevin's account.
08.11.2016 23:55:43: Kevin/tzertet has began playing Crystalshire.
08.11.2016 23:55:57: Kevin has logged in from 127.0.0.1.
08.11.2016 23:56:25: Kevin has logged in from 127.0.0.1.
08.11.2016 23:57:08: Kevin has logged in from 127.0.0.1.
08.11.2016 23:57:20: Character vxcvx added to Kevin's account.
08.11.2016 23:57:20: Kevin/vxcvx has began playing Crystalshire.
09.11.2016 00:00:43: Kevin has logged in from 127.0.0.1.
09.11.2016 00:00:58: Character dasdas added to Kevin's account.
09.11.2016 00:00:58: Kevin/dasdas has began playing Crystalshire.
17/12/2018 13:31:50: kkkkk has logged in from 127.0.0.1.
17/12/2018 13:32:00: Character Ken added to kkkkk's account.
17/12/2018 13:32:00: kkkkk/Ken has began playing Crystalshire.
17/12/2018 13:36:27: xxxx has logged in from 127.0.0.1.
17/12/2018 13:48:50: xnxx has logged in from 127.0.0.1.
17/12/2018 13:48:56: Character Kenshi added to xnxx's account.
17/12/2018 13:48:56: xnxx/Kenshi has began playing Crystalshire.
17/12/2018 13:49:23: xnxx has logged in from 127.0.0.1.
17/12/2018 13:49:28: xnxx/Kenshi has began playing Crystalshire.
